Build started 18/04/2016 10:56:45.
     1>Project "C:\Users\lab422\Documents\Final Year Project\FYP\Project Y4\Project Y4\Project Y4.vcxproj" on node 2 (Build target(s)).
     1>PreBuildEvent:
         xcopy "C:\SFML-2.3.2\bin\sfml-audio-d-2.dll" "C:\Users\lab422\Documents\Final Year Project\FYP\Project Y4\Debug\" /Q /D /Y /F
         xcopy "C:\SFML-2.3.2\bin\sfml-graphics-d-2.dll" "C:\Users\lab422\Documents\Final Year Project\FYP\Project Y4\Debug\" /Q /D /Y /F
         xcopy "C:\SFML-2.3.2\bin\sfml-network-d-2.dll" "C:\Users\lab422\Documents\Final Year Project\FYP\Project Y4\Debug\" /Q /D /Y /F
         xcopy "C:\SFML-2.3.2\bin\sfml-system-d-2.dll" "C:\Users\lab422\Documents\Final Year Project\FYP\Project Y4\Debug\" /Q /D /Y /F
         xcopy "C:\SFML-2.3.2\bin\sfml-window-d-2.dll" "C:\Users\lab422\Documents\Final Year Project\FYP\Project Y4\Debug\" /Q /D /Y /F
         xcopy "C:\SFML-2.3.2\bin\thor-d.dll" "C:\Users\lab422\Documents\Final Year Project\FYP\Project Y4\Debug\" /Q /D /Y /F
         
         xcopy "C:\Users\lab422\Documents\Final Year Project\FYP\Project Y4\Assets" "C:\Users\lab422\Documents\Final Year Project\FYP\Project Y4\Debug\..\Assets" /S /E /D /Y /I /F
         :VCEnd
         1 File(s) copied
         1 File(s) copied
         1 File(s) copied
         1 File(s) copied
         1 File(s) copied
         File not found - thor-d.dll
         0 File(s) copied
         Cannot perform a cyclic copy
         0 File(s) copied
     1>C:\Program Files (x86)\MSBuild\Microsoft.Cpp\v4.0\V120\Microsoft.CppCommon.targets(122,5): error MSB3073: The command "xcopy "C:\SFML-2.3.2\bin\sfml-audio-d-2.dll" "C:\Users\lab422\Documents\Final Year Project\FYP\Project Y4\Debug\" /Q /D /Y /F
C:\Program Files (x86)\MSBuild\Microsoft.Cpp\v4.0\V120\Microsoft.CppCommon.targets(122,5): error MSB3073: xcopy "C:\SFML-2.3.2\bin\sfml-graphics-d-2.dll" "C:\Users\lab422\Documents\Final Year Project\FYP\Project Y4\Debug\" /Q /D /Y /F
C:\Program Files (x86)\MSBuild\Microsoft.Cpp\v4.0\V120\Microsoft.CppCommon.targets(122,5): error MSB3073: xcopy "C:\SFML-2.3.2\bin\sfml-network-d-2.dll" "C:\Users\lab422\Documents\Final Year Project\FYP\Project Y4\Debug\" /Q /D /Y /F
C:\Program Files (x86)\MSBuild\Microsoft.Cpp\v4.0\V120\Microsoft.CppCommon.targets(122,5): error MSB3073: xcopy "C:\SFML-2.3.2\bin\sfml-system-d-2.dll" "C:\Users\lab422\Documents\Final Year Project\FYP\Project Y4\Debug\" /Q /D /Y /F
C:\Program Files (x86)\MSBuild\Microsoft.Cpp\v4.0\V120\Microsoft.CppCommon.targets(122,5): error MSB3073: xcopy "C:\SFML-2.3.2\bin\sfml-window-d-2.dll" "C:\Users\lab422\Documents\Final Year Project\FYP\Project Y4\Debug\" /Q /D /Y /F
C:\Program Files (x86)\MSBuild\Microsoft.Cpp\v4.0\V120\Microsoft.CppCommon.targets(122,5): error MSB3073: xcopy "C:\SFML-2.3.2\bin\thor-d.dll" "C:\Users\lab422\Documents\Final Year Project\FYP\Project Y4\Debug\" /Q /D /Y /F
C:\Program Files (x86)\MSBuild\Microsoft.Cpp\v4.0\V120\Microsoft.CppCommon.targets(122,5): error MSB3073: 
C:\Program Files (x86)\MSBuild\Microsoft.Cpp\v4.0\V120\Microsoft.CppCommon.targets(122,5): error MSB3073: xcopy "C:\Users\lab422\Documents\Final Year Project\FYP\Project Y4\Assets" "C:\Users\lab422\Documents\Final Year Project\FYP\Project Y4\Debug\..\Assets" /S /E /D /Y /I /F
C:\Program Files (x86)\MSBuild\Microsoft.Cpp\v4.0\V120\Microsoft.CppCommon.targets(122,5): error MSB3073: :VCEnd" exited with code 4.
     1>Done Building Project "C:\Users\lab422\Documents\Final Year Project\FYP\Project Y4\Project Y4\Project Y4.vcxproj" (Build target(s)) -- FAILED.

Build FAILED.

Time Elapsed 00:00:00.47
