Build started 4/20/2016 11:10:50 PM.
     1>Project "C:\Users\Eigenaar\Documents\College Projects\Year 4\FYP\Project Y4\Project Y4\Project Y4.vcxproj" on node 2 (Build target(s)).
     1>PreBuildEvent:
         xcopy "C:\Users\Eigenaar\Documents\College Projects\Year 4\FYP\Project Y4\Assets" "C:\Users\Eigenaar\Documents\College Projects\Year 4\FYP\Project Y4\Release\..\Assets" /S /E /D /Y /I /F
         xcopy "C:\SFML-2.3.2\bin\sfml-audio-2.dll" "C:\Users\Eigenaar\Documents\College Projects\Year 4\FYP\Project Y4\Release\" /Q /D /Y
         xcopy "C:\SFML-2.3.2\bin\sfml-graphics-2.dll" "C:\Users\Eigenaar\Documents\College Projects\Year 4\FYP\Project Y4\Release\" /Q /D /Y
         xcopy "C:\SFML-2.3.2\bin\sfml-network-2.dll" "C:\Users\Eigenaar\Documents\College Projects\Year 4\FYP\Project Y4\Release\" /Q /D /Y
         xcopy "C:\SFML-2.3.2\bin\sfml-system-2.dll" "C:\Users\Eigenaar\Documents\College Projects\Year 4\FYP\Project Y4\Release\" /Q /D /Y
         xcopy "C:\SFML-2.3.2\bin\sfml-window-2.dll" "C:\Users\Eigenaar\Documents\College Projects\Year 4\FYP\Project Y4\Release\" /Q /D /Y
         :VCEnd
         Cannot perform a cyclic copy
         0 File(s) copied
         0 File(s) copied
         0 File(s) copied
         0 File(s) copied
         0 File(s) copied
         0 File(s) copied
       ClCompile:
         C:\Program Files (x86)\Microsoft Visual Studio 14.0\VC\bin\CL.exe /c /I"C:\SFML-2.3.2\include" /Zi /nologo /W3 /WX- /sdl /O2 /Oi /Oy- /GL /D _MBCS /Gm- /EHsc /MD /GS /Gy /fp:precise /Zc:wchar_t /Zc:forScope /Zc:inline /Fo"Release\\" /Fd"Release\vc140.pdb" /Gd /TP /analyze- /errorReport:prompt Player.cpp
         Player.cpp
     1>Player.cpp(256): warning C4018: '<': signed/unsigned mismatch
     1>Player.cpp(259): warning C4018: '<': signed/unsigned mismatch
       Link:
         C:\Program Files (x86)\Microsoft Visual Studio 14.0\VC\bin\link.exe /ERRORREPORT:PROMPT /OUT:"C:\Users\Eigenaar\Documents\College Projects\Year 4\FYP\Project Y4\Release\Project Y4.exe" /NOLOGO /LIBPATH:"C:\SFML-2.3.2\lib" kernel32.lib user32.lib gdi32.lib winspool.lib comdlg32.lib advapi32.lib shell32.lib ole32.lib oleaut32.lib uuid.lib odbc32.lib odbccp32.lib /MANIFEST /MANIFESTUAC:"level='asInvoker' uiAccess='false'" /manifest:embed /Debug /PDB:"C:\Users\Eigenaar\Documents\College Projects\Year 4\FYP\Project Y4\Release\Project Y4.pdb" /OPT:REF /OPT:ICF /LTCG:incremental /TLBID:1 /DYNAMICBASE /NXCOMPAT /IMPLIB:"C:\Users\Eigenaar\Documents\College Projects\Year 4\FYP\Project Y4\Release\Project Y4.lib" /MACHINE:X86 /SAFESEH Release\AudioManager.obj
         Release\CheckPoint.obj
         Release\DistructionObject.obj
         Release\EndGameGoal.obj
         Release\Game.obj
         Release\GameEntity.obj
         Release\InputManager.obj
         Release\jsoncpp.obj
         Release\JumpPlatform.obj
         Release\Level.obj
         Release\LevelElement.obj
         Release\Menu.obj
         Release\MenuElement.obj
         Release\OnScreenLable.obj
         Release\Platform.obj
         Release\Player.obj
         Release\SwapPoint.obj
         Generating code
         1 of 2748 functions ( 0.0%) were compiled, the rest were copied from previous compilation.
           0 functions were new in current compilation
           1 functions had inline decision re-evaluated but remain unchanged
         Finished generating code
         Project Y4.vcxproj -> C:\Users\Eigenaar\Documents\College Projects\Year 4\FYP\Project Y4\Release\Project Y4.exe
     1>Done Building Project "C:\Users\Eigenaar\Documents\College Projects\Year 4\FYP\Project Y4\Project Y4\Project Y4.vcxproj" (Build target(s)).

Build succeeded.

Time Elapsed 00:00:03.55
